<?xml version="1.0" encoding="UTF-8"?>
<!-- Generated by org.testng.reporters.JUnitXMLReporter -->
<testsuite hostname="LAPTOP-1M5L4N7V" ignored="0" name="Test" tests="10" failures="0" timestamp="2022-08-08T22:24:09 IST" time="0.151" errors="0">
  <testcase name="SixthMethod" time="0.016" classname="TestJenkins.TestClass"/>
  <testcase name="eighthMethod" time="0.0" classname="TestJenkins.TestClass"/>
  <testcase name="fifthMethod" time="0.0" classname="TestJenkins.TestClass"/>
  <testcase name="firstMethod" time="0.0" classname="TestJenkins.TestClass"/>
  <testcase name="fourthMethod" time="0.0" classname="TestJenkins.TestClass"/>
  <testcase name="ninthMethod" time="0.0" classname="TestJenkins.TestClass"/>
  <testcase name="secondMethod" time="0.008" classname="TestJenkins.TestClass"/>
  <testcase name="seventhMethod" time="0.0" classname="TestJenkins.TestClass"/>
  <testcase name="tenthMethod" time="0.008" classname="TestJenkins.TestClass"/>
  <testcase name="thirdMethod" time="0.0" classname="TestJenkins.TestClass"/>
</testsuite> <!-- Test -->
