<?xml version="1.0" encoding="UTF-8"?>
<testng-results skipped="0" failed="0" ignored="0" total="10" passed="10">
  <reporter-output>
  </reporter-output>
  <suite name="Suite" duration-ms="151" started-at="2022-08-08T22:24:08 IST" finished-at="2022-08-08T22:24:09 IST">
    <groups>
    </groups>
    <test name="Test" duration-ms="151" started-at="2022-08-08T22:24:08 IST" finished-at="2022-08-08T22:24:09 IST">
      <class name="TestJenkins.TestClass">
        <test-method status="PASS" signature="SixthMethod()[pri:0, instance:TestJenkins.TestClass@15d0c81b]" name="SixthMethod" duration-ms="16" started-at="2022-08-08T22:24:08 IST" finished-at="2022-08-08T22:24:08 IST">
          <reporter-output>
          </reporter-output>
        </test-method> <!-- SixthMethod -->
        <test-method status="PASS" signature="eighthMethod()[pri:0, instance:TestJenkins.TestClass@15d0c81b]" name="eighthMethod" duration-ms="0" started-at="2022-08-08T22:24:08 IST" finished-at="2022-08-08T22:24:08 IST">
          <reporter-output>
          </reporter-output>
        </test-method> <!-- eighthMethod -->
        <test-method status="PASS" signature="fifthMethod()[pri:0, instance:TestJenkins.TestClass@15d0c81b]" name="fifthMethod" duration-ms="0" started-at="2022-08-08T22:24:08 IST" finished-at="2022-08-08T22:24:08 IST">
          <reporter-output>
          </reporter-output>
        </test-method> <!-- fifthMethod -->
        <test-method status="PASS" signature="firstMethod()[pri:0, instance:TestJenkins.TestClass@15d0c81b]" name="firstMethod" duration-ms="0" started-at="2022-08-08T22:24:08 IST" finished-at="2022-08-08T22:24:08 IST">
          <reporter-output>
          </reporter-output>
        </test-method> <!-- firstMethod -->
        <test-method status="PASS" signature="ninthMethod()[pri:0, instance:TestJenkins.TestClass@15d0c81b]" name="ninthMethod" duration-ms="0" started-at="2022-08-08T22:24:09 IST" finished-at="2022-08-08T22:24:09 IST">
          <reporter-output>
          </reporter-output>
        </test-method> <!-- ninthMethod -->
        <test-method status="PASS" signature="fourthMethod()[pri:0, instance:TestJenkins.TestClass@15d0c81b]" name="fourthMethod" duration-ms="0" started-at="2022-08-08T22:24:09 IST" finished-at="2022-08-08T22:24:09 IST">
          <reporter-output>
          </reporter-output>
        </test-method> <!-- fourthMethod -->
        <test-method status="PASS" signature="secondMethod()[pri:0, instance:TestJenkins.TestClass@15d0c81b]" name="secondMethod" duration-ms="8" started-at="2022-08-08T22:24:09 IST" finished-at="2022-08-08T22:24:09 IST">
          <reporter-output>
          </reporter-output>
        </test-method> <!-- secondMethod -->
        <test-method status="PASS" signature="tenthMethod()[pri:0, instance:TestJenkins.TestClass@15d0c81b]" name="tenthMethod" duration-ms="8" started-at="2022-08-08T22:24:09 IST" finished-at="2022-08-08T22:24:09 IST">
          <reporter-output>
          </reporter-output>
        </test-method> <!-- tenthMethod -->
        <test-method status="PASS" signature="seventhMethod()[pri:0, instance:TestJenkins.TestClass@15d0c81b]" name="seventhMethod" duration-ms="0" started-at="2022-08-08T22:24:09 IST" finished-at="2022-08-08T22:24:09 IST">
          <reporter-output>
          </reporter-output>
        </test-method> <!-- seventhMethod -->
        <test-method status="PASS" signature="thirdMethod()[pri:0, instance:TestJenkins.TestClass@15d0c81b]" name="thirdMethod" duration-ms="0" started-at="2022-08-08T22:24:09 IST" finished-at="2022-08-08T22:24:09 IST">
          <reporter-output>
          </reporter-output>
        </test-method> <!-- thirdMethod -->
      </class> <!-- TestJenkins.TestClass -->
    </test> <!-- Test -->
  </suite> <!-- Suite -->
</testng-results>
